<?xml version="1.0" encoding="UTF-8"?>
<testng-results skipped="0" failed="0" ignored="0" total="2" passed="2">
  <reporter-output>
  </reporter-output>
  <suite name="Test Suite" duration-ms="36305" started-at="2018-12-20T08:30:35Z" finished-at="2018-12-20T08:31:11Z">
    <groups>
    </groups>
    <test name="Maven Test" duration-ms="36305" started-at="2018-12-20T08:30:35Z" finished-at="2018-12-20T08:31:11Z">
      <class name="com.mav.testcases.TestClassTwo">
        <test-method status="PASS" signature="methodOne()[pri:0, instance:com.mav.testcases.TestClassTwo@2096442d]" name="methodOne" duration-ms="0" started-at="2018-12-20T08:31:11Z" finished-at="2018-12-20T08:31:11Z">
          <reporter-output>
          </reporter-output>
        </test-method> <!-- methodOne -->
      </class> <!-- com.mav.testcases.TestClassTwo -->
      <class name="com.mav.testcases.TestClassOne">
        <test-method status="PASS" signature="methodOne()[pri:0, instance:com.mav.testcases.TestClassOne@2c9f9fb0]" name="methodOne" duration-ms="36260" started-at="2018-12-20T08:30:35Z" finished-at="2018-12-20T08:31:11Z">
          <reporter-output>
          </reporter-output>
        </test-method> <!-- methodOne -->
      </class> <!-- com.mav.testcases.TestClassOne -->
    </test> <!-- Maven Test -->
  </suite> <!-- Test Suite -->
</testng-results>
